Build started 9/28/2012 1:01:26 AM.
     1>Project "C:\Users\Patrick\Desktop\CS 31\hello\hello\hello.vcxproj" on node 2 (build target(s)).
     1>PrepareForBuild:
         Creating directory "C:\Users\Patrick\Desktop\CS 31\hello\Debug\".
       InitializeBuildStatus:
         Creating "Debug\hello.unsuccessfulbuild" because "AlwaysCreate" was specified.
       ClCompile:
         C:\Program Files (x86)\Microsoft Visual Studio 10.0\VC\bin\CL.exe /c /ZI /nologo /W3 /WX- /Od /Oy- /D _MBCS /Gm /EHsc /RTC1 /MDd /GS /fp:precise /Zc:wchar_t /Zc:forScope /Fo"Debug\\" /Fd"Debug\vc100.pdb" /Gd /TP /analyze- /errorReport:prompt hello.cpp
         hello.cpp
       Link:
         C:\Program Files (x86)\Microsoft Visual Studio 10.0\VC\bin\link.exe /ERRORREPORT:PROMPT /OUT:"C:\Users\Patrick\Desktop\CS 31\hello\Debug\hello.exe" /NOLOGO kernel32.lib user32.lib gdi32.lib winspool.lib comdlg32.lib advapi32.lib shell32.lib ole32.lib oleaut32.lib uuid.lib odbc32.lib odbccp32.lib /MANIFEST /ManifestFile:"Debug\hello.exe.intermediate.manifest" /MANIFESTUAC:"level='asInvoker' uiAccess='false'" /DEBUG /PDB:"C:\Users\Patrick\Desktop\CS 31\hello\Debug\hello.pdb" /SUBSYSTEM:CONSOLE /TLBID:1 /DYNAMICBASE /NXCOMPAT /IMPLIB:"C:\Users\Patrick\Desktop\CS 31\hello\Debug\hello.lib" /MACHINE:X86 Debug\hello.obj
         hello.vcxproj -> C:\Users\Patrick\Desktop\CS 31\hello\Debug\hello.exe
       Manifest:
         C:\Program Files (x86)\Microsoft SDKs\Windows\v7.0A\bin\mt.exe /nologo /verbose /outputresource:"C:\Users\Patrick\Desktop\CS 31\hello\Debug\hello.exe;#1" /manifest Debug\hello.exe.intermediate.manifest
       FinalizeBuildStatus:
         Deleting file "Debug\hello.unsuccessfulbuild".
         Touching "Debug\hello.lastbuildstate".
     1>Done Building Project "C:\Users\Patrick\Desktop\CS 31\hello\hello\hello.vcxproj" (build target(s)).

Build succeeded.

Time Elapsed 00:00:01.82
